2017-08-17 14:28:04.201  INFO 66776 --- [main] z.f.s.s.center.ServiceCenterApplication  : No active profile set, falling back to default profiles: default
2017-08-17 14:28:04.210  INFO 66776 --- [main] ationConfigEmbeddedWebApplicationContext : Refreshing org.springframework.boot.context.embedded.AnnotationConfigEmbeddedWebApplicationContext@6ee6f53: startup date [Thu Aug 17 14:28:04 CST 2017]; parent: org.springframework.context.annotation.AnnotationConfigApplicationContext@561b6512
2017-08-17 14:28:04.772  WARN 66776 --- [main] o.s.c.a.ConfigurationClassPostProcessor  : Cannot enhance @Configuration bean definition 'refreshScope' since its singleton instance has been created too early. The typical cause is a non-static @Bean method with a BeanDefinitionRegistryPostProcessor return type: Consider declaring such methods as 'static'.
2017-08-17 14:28:04.931  INFO 66776 --- [main] o.s.cloud.context.scope.GenericScope     : BeanFactory id=f4d5bbf3-ced5-3cdf-87e1-762c2c03f0db
2017-08-17 14:28:04.942  INFO 66776 --- [main] f.a.AutowiredAnnotationBeanPostProcessor : JSR-330 'javax.inject.Inject' annotation found and supported for autowiring
2017-08-17 14:28:04.965  INFO 66776 --- [main] trationDelegate$BeanPostProcessorChecker : Bean 'org.springframework.cloud.autoconfigure.ConfigurationPropertiesRebinderAutoConfiguration' of type [class org.springframework.cloud.autoconfigure.ConfigurationPropertiesRebinderAutoConfiguration$$EnhancerBySpringCGLIB$$a90dae9c] is not eligible for getting processed by all BeanPostProcessors (for example: not eligible for auto-proxying)
2017-08-17 14:28:05.168  INFO 66776 --- [main] s.b.c.e.t.TomcatEmbeddedServletContainer : Tomcat initialized with port(s): 8080 (http)
2017-08-17 14:28:05.176  INFO 66776 --- [main] o.apache.catalina.core.StandardService   : Starting service Tomcat
2017-08-17 14:28:05.177  INFO 66776 --- [main] org.apache.catalina.core.StandardEngine  : Starting Servlet Engine: Apache Tomcat/8.5.5
2017-08-17 14:28:05.264  INFO 66776 --- [localhost-startStop-1] o.a.c.c.C.[Tomcat].[localhost].[/]       : Initializing Spring embedded WebApplicationContext
2017-08-17 14:28:05.264  INFO 66776 --- [localhost-startStop-1] o.s.web.context.ContextLoader            : Root WebApplicationContext: initialization completed in 1054 ms
2017-08-17 14:28:05.635  INFO 66776 --- [localhost-startStop-1] o.s.b.w.servlet.FilterRegistrationBean   : Mapping filter: 'metricsFilter' to: [/*]
2017-08-17 14:28:05.635  INFO 66776 --- [localhost-startStop-1] o.s.b.w.servlet.FilterRegistrationBean   : Mapping filter: 'characterEncodingFilter' to: [/*]
2017-08-17 14:28:05.635  INFO 66776 --- [localhost-startStop-1] o.s.b.w.servlet.FilterRegistrationBean   : Mapping filter: 'hiddenHttpMethodFilter' to: [/*]
2017-08-17 14:28:05.635  INFO 66776 --- [localhost-startStop-1] o.s.b.w.servlet.FilterRegistrationBean   : Mapping filter: 'httpPutFormContentFilter' to: [/*]
2017-08-17 14:28:05.635  INFO 66776 --- [localhost-startStop-1] o.s.b.w.servlet.FilterRegistrationBean   : Mapping filter: 'requestContextFilter' to: [/*]
2017-08-17 14:28:05.636  INFO 66776 --- [localhost-startStop-1] o.s.b.c.embedded.FilterRegistrationBean  : Mapping filter: 'webRequestTraceFilter' to: [/*]
2017-08-17 14:28:05.636  INFO 66776 --- [localhost-startStop-1] o.s.b.c.embedded.FilterRegistrationBean  : Mapping filter: 'servletContainer' to urls: [/eureka/*]
2017-08-17 14:28:05.636  INFO 66776 --- [localhost-startStop-1] o.s.b.w.servlet.FilterRegistrationBean   : Mapping filter: 'applicationContextIdFilter' to: [/*]
2017-08-17 14:28:05.636  INFO 66776 --- [localhost-startStop-1] o.s.b.w.servlet.ServletRegistrationBean  : Mapping servlet: 'dispatcherServlet' to [/]
2017-08-17 14:28:05.702  INFO 66776 --- [localhost-startStop-1] c.s.j.s.i.a.WebApplicationImpl           : Initiating Jersey application, version 'Jersey: 1.19.1 03/11/2016 02:08 PM'
2017-08-17 14:28:05.754  INFO 66776 --- [localhost-startStop-1] c.n.d.provider.DiscoveryJerseyProvider   : Using JSON encoding codec LegacyJacksonJson
2017-08-17 14:28:05.755  INFO 66776 --- [localhost-startStop-1] c.n.d.provider.DiscoveryJerseyProvider   : Using JSON decoding codec LegacyJacksonJson
2017-08-17 14:28:05.840  INFO 66776 --- [localhost-startStop-1] c.n.d.provider.DiscoveryJerseyProvider   : Using XML encoding codec XStreamXml
2017-08-17 14:28:05.840  INFO 66776 --- [localhost-startStop-1] c.n.d.provider.DiscoveryJerseyProvider   : Using XML decoding codec XStreamXml
2017-08-17 14:28:06.125  INFO 66776 --- [main] o.s.c.n.eureka.InstanceInfoFactory       : Setting initial instance status as: STARTING
2017-08-17 14:28:06.234  INFO 66776 --- [main] com.netflix.discovery.DiscoveryClient    : Client configured to neither register nor query for data.
2017-08-17 14:28:06.242  INFO 66776 --- [main] com.netflix.discovery.DiscoveryClient    : Discovery Client initialized at timestamp 1502951286241 with initial instances count: 0
2017-08-17 14:28:06.299  INFO 66776 --- [main] c.n.eureka.DefaultEurekaServerContext    : Initializing ...
2017-08-17 14:28:06.302  WARN 66776 --- [main] c.n.eureka.cluster.PeerEurekaNodes       : The replica size seems to be empty. Check the route 53 DNS Registry
2017-08-17 14:28:06.311  INFO 66776 --- [main] c.n.e.registry.AbstractInstanceRegistry  : Finished initializing remote region registries. All known remote regions: []
2017-08-17 14:28:06.311  INFO 66776 --- [main] c.n.eureka.DefaultEurekaServerContext    : Initialized
2017-08-17 14:28:06.528  INFO 66776 --- [main] s.w.s.m.m.a.RequestMappingHandlerAdapter : Looking for @ControllerAdvice: org.springframework.boot.context.embedded.AnnotationConfigEmbeddedWebApplicationContext@6ee6f53: startup date [Thu Aug 17 14:28:04 CST 2017]; parent: org.springframework.context.annotation.AnnotationConfigApplicationContext@561b6512
2017-08-17 14:28:06.612  INFO 66776 --- [main] s.w.s.m.m.a.RequestMappingHandlerMapping : Mapped "{[/],methods=[GET]}" onto public java.lang.String org.springframework.cloud.netflix.eureka.server.EurekaController.status(javax.servlet.http.HttpServletRequest,java.util.Map<java.lang.String, java.lang.Object>)
2017-08-17 14:28:06.613  INFO 66776 --- [main] s.w.s.m.m.a.RequestMappingHandlerMapping : Mapped "{[/lastn],methods=[GET]}" onto public java.lang.String org.springframework.cloud.netflix.eureka.server.EurekaController.lastn(javax.servlet.http.HttpServletRequest,java.util.Map<java.lang.String, java.lang.Object>)
2017-08-17 14:28:06.614  INFO 66776 --- [main] s.w.s.m.m.a.RequestMappingHandlerMapping : Mapped "{[/error]}" onto public org.springframework.http.ResponseEntity<java.util.Map<java.lang.String, java.lang.Object>> org.springframework.boot.autoconfigure.web.BasicErrorController.error(javax.servlet.http.HttpServletRequest)
2017-08-17 14:28:06.615  INFO 66776 --- [main] s.w.s.m.m.a.RequestMappingHandlerMapping : Mapped "{[/error],produces=[text/html]}" onto public org.springframework.web.servlet.ModelAndView org.springframework.boot.autoconfigure.web.BasicErrorController.errorHtml(javax.servlet.http.HttpServletRequest,javax.servlet.http.HttpServletResponse)
2017-08-17 14:28:06.640  INFO 66776 --- [main] o.s.w.s.handler.SimpleUrlHandlerMapping  : Mapped URL path [/webjars/**] onto handler of type [class org.springframework.web.servlet.resource.ResourceHttpRequestHandler]
2017-08-17 14:28:06.641  INFO 66776 --- [main] o.s.w.s.handler.SimpleUrlHandlerMapping  : Mapped URL path [/**] onto handler of type [class org.springframework.web.servlet.resource.ResourceHttpRequestHandler]
2017-08-17 14:28:07.103  INFO 66776 --- [main] o.s.b.a.e.mvc.EndpointHandlerMapping     : Mapped "{[/metrics/{name:.*}],methods=[GET],produces=[application/json]}" onto public java.lang.Object org.springframework.boot.actuate.endpoint.mvc.MetricsMvcEndpoint.value(java.lang.String)
2017-08-17 14:28:07.104  INFO 66776 --- [main] o.s.b.a.e.mvc.EndpointHandlerMapping     : Mapped "{[/metrics || /metrics.json],methods=[GET],produces=[application/json]}" onto public java.lang.Object org.springframework.boot.actuate.endpoint.mvc.EndpointMvcAdapter.invoke()
2017-08-17 14:28:07.104  INFO 66776 --- [main] o.s.b.a.e.mvc.EndpointHandlerMapping     : Mapped "{[/env],methods=[POST]}" onto public java.lang.Object org.springframework.cloud.context.environment.EnvironmentManagerMvcEndpoint.value(java.util.Map<java.lang.String, java.lang.String>)
2017-08-17 14:28:07.104  INFO 66776 --- [main] o.s.b.a.e.mvc.EndpointHandlerMapping     : Mapped "{[/env/reset],methods=[POST]}" onto public java.util.Map<java.lang.String, java.lang.Object> org.springframework.cloud.context.environment.EnvironmentManagerMvcEndpoint.reset()
2017-08-17 14:28:07.105  INFO 66776 --- [main] o.s.b.a.e.mvc.EndpointHandlerMapping     : Mapped "{[/features || /features.json],methods=[GET],produces=[application/json]}" onto public java.lang.Object org.springframework.boot.actuate.endpoint.mvc.EndpointMvcAdapter.invoke()
2017-08-17 14:28:07.105  INFO 66776 --- [main] o.s.b.a.e.mvc.EndpointHandlerMapping     : Mapped "{[/restart || /restart.json],methods=[POST]}" onto public java.lang.Object org.springframework.cloud.context.restart.RestartMvcEndpoint.invoke()
2017-08-17 14:28:07.106  INFO 66776 --- [main] o.s.b.a.e.mvc.EndpointHandlerMapping     : Mapped "{[/info || /info.json],methods=[GET],produces=[application/json]}" onto public java.lang.Object org.springframework.boot.actuate.endpoint.mvc.EndpointMvcAdapter.invoke()
2017-08-17 14:28:07.106  INFO 66776 --- [main] o.s.b.a.e.mvc.EndpointHandlerMapping     : Mapped "{[/archaius || /archaius.json],methods=[GET],produces=[application/json]}" onto public java.lang.Object org.springframework.boot.actuate.endpoint.mvc.EndpointMvcAdapter.invoke()
2017-08-17 14:28:07.107  INFO 66776 --- [main] o.s.b.a.e.mvc.EndpointHandlerMapping     : Mapped "{[/dump || /dump.json],methods=[GET],produces=[application/json]}" onto public java.lang.Object org.springframework.boot.actuate.endpoint.mvc.EndpointMvcAdapter.invoke()
2017-08-17 14:28:07.107  INFO 66776 --- [main] o.s.b.a.e.mvc.EndpointHandlerMapping     : Mapped "{[/resume || /resume.json],methods=[POST]}" onto public java.lang.Object org.springframework.cloud.endpoint.GenericPostableMvcEndpoint.invoke()
2017-08-17 14:28:07.108  INFO 66776 --- [main] o.s.b.a.e.mvc.EndpointHandlerMapping     : Mapped "{[/beans || /beans.json],methods=[GET],produces=[application/json]}" onto public java.lang.Object org.springframework.boot.actuate.endpoint.mvc.EndpointMvcAdapter.invoke()
2017-08-17 14:28:07.109  INFO 66776 --- [main] o.s.b.a.e.mvc.EndpointHandlerMapping     : Mapped "{[/refresh || /refresh.json],methods=[POST]}" onto public java.lang.Object org.springframework.cloud.endpoint.GenericPostableMvcEndpoint.invoke()
2017-08-17 14:28:07.111  INFO 66776 --- [main] o.s.b.a.e.mvc.EndpointHandlerMapping     : Mapped "{[/pause || /pause.json],methods=[POST]}" onto public java.lang.Object org.springframework.cloud.endpoint.GenericPostableMvcEndpoint.invoke()
2017-08-17 14:28:07.111  INFO 66776 --- [main] o.s.b.a.e.mvc.EndpointHandlerMapping     : Mapped "{[/autoconfig || /autoconfig.json],methods=[GET],produces=[application/json]}" onto public java.lang.Object org.springframework.boot.actuate.endpoint.mvc.EndpointMvcAdapter.invoke()
2017-08-17 14:28:07.112  INFO 66776 --- [main] o.s.b.a.e.mvc.EndpointHandlerMapping     : Mapped "{[/heapdump || /heapdump.json],methods=[GET],produces=[application/octet-stream]}" onto public void org.springframework.boot.actuate.endpoint.mvc.HeapdumpMvcEndpoint.invoke(boolean,javax.servlet.http.HttpServletRequest,javax.servlet.http.HttpServletResponse) throws java.io.IOException,javax.servlet.ServletException
2017-08-17 14:28:07.114  INFO 66776 --- [main] o.s.b.a.e.mvc.EndpointHandlerMapping     : Mapped "{[/env/{name:.*}],methods=[GET],produces=[application/json]}" onto public java.lang.Object org.springframework.boot.actuate.endpoint.mvc.EnvironmentMvcEndpoint.value(java.lang.String)
2017-08-17 14:28:07.114  INFO 66776 --- [main] o.s.b.a.e.mvc.EndpointHandlerMapping     : Mapped "{[/env || /env.json],methods=[GET],produces=[application/json]}" onto public java.lang.Object org.springframework.boot.actuate.endpoint.mvc.EndpointMvcAdapter.invoke()
2017-08-17 14:28:07.115  INFO 66776 --- [main] o.s.b.a.e.mvc.EndpointHandlerMapping     : Mapped "{[/logfile || /logfile.json],methods=[GET || HEAD]}" onto public void org.springframework.boot.actuate.endpoint.mvc.LogFileMvcEndpoint.invoke(javax.servlet.http.HttpServletRequest,javax.servlet.http.HttpServletResponse) throws javax.servlet.ServletException,java.io.IOException
2017-08-17 14:28:07.116  INFO 66776 --- [main] o.s.b.a.e.mvc.EndpointHandlerMapping     : Mapped "{[/mappings || /mappings.json],methods=[GET],produces=[application/json]}" onto public java.lang.Object org.springframework.boot.actuate.endpoint.mvc.EndpointMvcAdapter.invoke()
2017-08-17 14:28:07.117  INFO 66776 --- [main] o.s.b.a.e.mvc.EndpointHandlerMapping     : Mapped "{[/trace || /trace.json],methods=[GET],produces=[application/json]}" onto public java.lang.Object org.springframework.boot.actuate.endpoint.mvc.EndpointMvcAdapter.invoke()
2017-08-17 14:28:07.117  INFO 66776 --- [main] o.s.b.a.e.mvc.EndpointHandlerMapping     : Mapped "{[/health || /health.json],produces=[application/json]}" onto public java.lang.Object org.springframework.boot.actuate.endpoint.mvc.HealthMvcEndpoint.invoke(java.security.Principal)
2017-08-17 14:28:07.117  INFO 66776 --- [main] o.s.b.a.e.mvc.EndpointHandlerMapping     : Mapped "{[/configprops || /configprops.json],methods=[GET],produces=[application/json]}" onto public java.lang.Object org.springframework.boot.actuate.endpoint.mvc.EndpointMvcAdapter.invoke()
2017-08-17 14:28:07.212  INFO 66776 --- [main] o.s.ui.freemarker.SpringTemplateLoader   : SpringTemplateLoader for FreeMarker: using resource loader [org.springframework.boot.context.embedded.AnnotationConfigEmbeddedWebApplicationContext@6ee6f53: startup date [Thu Aug 17 14:28:04 CST 2017]; parent: org.springframework.context.annotation.AnnotationConfigApplicationContext@561b6512] and template loader path [classpath:/templates/]
2017-08-17 14:28:07.213  INFO 66776 --- [main] o.s.w.s.v.f.FreeMarkerConfigurer         : ClassTemplateLoader for Spring macros added to FreeMarker configuration
2017-08-17 14:28:07.269  WARN 66776 --- [main] c.n.c.sources.URLConfigurationSource     : No URLs will be polled as dynamic configuration sources.
2017-08-17 14:28:07.269  INFO 66776 --- [main] c.n.c.sources.URLConfigurationSource     : To enable URLs as dynamic configuration sources, define System property archaius.configurationSource.additionalUrls or make config.properties available on classpath.
2017-08-17 14:28:07.275  WARN 66776 --- [main] c.n.c.sources.URLConfigurationSource     : No URLs will be polled as dynamic configuration sources.
2017-08-17 14:28:07.275  INFO 66776 --- [main] c.n.c.sources.URLConfigurationSource     : To enable URLs as dynamic configuration sources, define System property archaius.configurationSource.additionalUrls or make config.properties available on classpath.
2017-08-17 14:28:07.359  INFO 66776 --- [main] o.s.j.e.a.AnnotationMBeanExporter        : Registering beans for JMX exposure on startup
2017-08-17 14:28:07.368  INFO 66776 --- [main] o.s.j.e.a.AnnotationMBeanExporter        : Bean with name 'refreshScope' has been autodetected for JMX exposure
2017-08-17 14:28:07.368  INFO 66776 --- [main] o.s.j.e.a.AnnotationMBeanExporter        : Bean with name 'environmentManager' has been autodetected for JMX exposure
2017-08-17 14:28:07.371  INFO 66776 --- [main] o.s.j.e.a.AnnotationMBeanExporter        : Bean with name 'configurationPropertiesRebinder' has been autodetected for JMX exposure
2017-08-17 14:28:07.371  INFO 66776 --- [main] o.s.j.e.a.AnnotationMBeanExporter        : Bean with name 'refreshEndpoint' has been autodetected for JMX exposure
2017-08-17 14:28:07.372  INFO 66776 --- [main] o.s.j.e.a.AnnotationMBeanExporter        : Bean with name 'restartEndpoint' has been autodetected for JMX exposure
2017-08-17 14:28:07.375  INFO 66776 --- [main] o.s.j.e.a.AnnotationMBeanExporter        : Located managed bean 'environmentManager': registering with JMX server as MBean [org.springframework.cloud.context.environment:name=environmentManager,type=EnvironmentManager]
2017-08-17 14:28:07.384  INFO 66776 --- [main] o.s.j.e.a.AnnotationMBeanExporter        : Located managed bean 'restartEndpoint': registering with JMX server as MBean [org.springframework.cloud.context.restart:name=restartEndpoint,type=RestartEndpoint]
2017-08-17 14:28:07.396  INFO 66776 --- [main] o.s.j.e.a.AnnotationMBeanExporter        : Located managed bean 'refreshScope': registering with JMX server as MBean [org.springframework.cloud.context.scope.refresh:name=refreshScope,type=RefreshScope]
2017-08-17 14:28:07.410  INFO 66776 --- [main] o.s.j.e.a.AnnotationMBeanExporter        : Located managed bean 'configurationPropertiesRebinder': registering with JMX server as MBean [org.springframework.cloud.context.properties:name=configurationPropertiesRebinder,context=6ee6f53,type=ConfigurationPropertiesRebinder]
2017-08-17 14:28:07.418  INFO 66776 --- [main] o.s.j.e.a.AnnotationMBeanExporter        : Located managed bean 'refreshEndpoint': registering with JMX server as MBean [org.springframework.cloud.endpoint:name=refreshEndpoint,type=RefreshEndpoint]
2017-08-17 14:28:07.651  INFO 66776 --- [main] o.s.c.support.DefaultLifecycleProcessor  : Starting beans in phase 0
2017-08-17 14:28:07.653  INFO 66776 --- [Thread-10] o.s.c.n.e.server.EurekaServerBootstrap   : Setting the eureka configuration..
2017-08-17 14:28:07.653  INFO 66776 --- [main] c.n.e.EurekaDiscoveryClientConfiguration : Registering application service-center-server with eureka with status UP
2017-08-17 14:28:07.653  INFO 66776 --- [Thread-10] o.s.c.n.e.server.EurekaServerBootstrap   : Eureka data center value eureka.datacenter is not set, defaulting to default
2017-08-17 14:28:07.653  INFO 66776 --- [Thread-10] o.s.c.n.e.server.EurekaServerBootstrap   : Eureka environment value eureka.environment is not set, defaulting to test
2017-08-17 14:28:07.662  INFO 66776 --- [Thread-10] o.s.c.n.e.server.EurekaServerBootstrap   : isAws returned false
2017-08-17 14:28:07.663  INFO 66776 --- [Thread-10] o.s.c.n.e.server.EurekaServerBootstrap   : Initialized server context
2017-08-17 14:28:07.663  INFO 66776 --- [Thread-10] c.n.e.r.PeerAwareInstanceRegistryImpl    : Got 1 instances from neighboring DS node
2017-08-17 14:28:07.663  INFO 66776 --- [Thread-10] c.n.e.r.PeerAwareInstanceRegistryImpl    : Renew threshold is: 1
2017-08-17 14:28:07.663  INFO 66776 --- [Thread-10] c.n.e.r.PeerAwareInstanceRegistryImpl    : Changing status to UP
2017-08-17 14:28:07.672  INFO 66776 --- [Thread-10] e.s.EurekaServerInitializerConfiguration : Started Eureka Server
2017-08-17 14:28:07.754  INFO 66776 --- [main] s.b.c.e.t.TomcatEmbeddedServletContainer : Tomcat started on port(s): 8080 (http)
2017-08-17 14:28:07.755  INFO 66776 --- [main] c.n.e.EurekaDiscoveryClientConfiguration : Updating port to 8080
2017-08-17 14:28:07.758  INFO 66776 --- [main] z.f.s.s.center.ServiceCenterApplication  : Started ServiceCenterApplication in 4.941 seconds (JVM running for 5.346)
2017-08-17 14:28:11.177  INFO 66776 --- [http-nio-8080-exec-1] o.a.c.c.C.[Tomcat].[localhost].[/]       : Initializing Spring FrameworkServlet 'dispatcherServlet'
2017-08-17 14:28:11.177  INFO 66776 --- [http-nio-8080-exec-1] o.s.web.servlet.DispatcherServlet        : FrameworkServlet 'dispatcherServlet': initialization started
2017-08-17 14:28:11.191  INFO 66776 --- [http-nio-8080-exec-1] o.s.web.servlet.DispatcherServlet        : FrameworkServlet 'dispatcherServlet': initialization completed in 14 ms
2017-08-17 14:28:28.770  INFO 66776 --- [http-nio-8080-exec-4] c.n.e.registry.AbstractInstanceRegistry  : Registered instance OAUTH-SERVER/172.16.91.38:oauth-server:8081 with status UP (replication=false)
2017-08-17 14:28:46.397  INFO 66776 --- [http-nio-8080-exec-11] c.n.e.registry.AbstractInstanceRegistry  : Registered instance RESOURCE-SERVER/172.16.91.38:resource-server:8082 with status UP (replication=false)
2017-08-17 14:29:07.666  INFO 66776 --- [Eureka-EvictionTimer] c.n.e.registry.AbstractInstanceRegistry  : Running the evict task with compensationTime 0ms
2017-08-17 14:30:07.669  INFO 66776 --- [Eureka-EvictionTimer] c.n.e.registry.AbstractInstanceRegistry  : Running the evict task with compensationTime 5ms
2017-08-17 14:30:24.669  INFO 66776 --- [http-nio-8080-exec-54] c.n.e.registry.AbstractInstanceRegistry  : Registered instance OAUTH-SERVER/172.16.91.38:oauth-server:8081 with status DOWN (replication=false)
2017-08-17 14:30:24.669  INFO 66776 --- [http-nio-8080-exec-53] c.n.e.registry.AbstractInstanceRegistry  : Cancelled instance OAUTH-SERVER/172.16.91.38:oauth-server:8081 (replication=false)
2017-08-17 14:30:31.052  INFO 66776 --- [Thread-12] ationConfigEmbeddedWebApplicationContext : Closing org.springframework.boot.context.embedded.AnnotationConfigEmbeddedWebApplicationContext@6ee6f53: startup date [Thu Aug 17 14:28:04 CST 2017]; parent: org.springframework.context.annotation.AnnotationConfigApplicationContext@561b6512
2017-08-17 14:30:31.053  INFO 66776 --- [Thread-12] c.n.e.EurekaDiscoveryClientConfiguration : Unregistering application service-center-server with eureka with status DOWN
2017-08-17 14:30:31.053  INFO 66776 --- [Thread-12] com.netflix.discovery.DiscoveryClient    : Shutting down DiscoveryClient ...
2017-08-17 14:30:31.053  INFO 66776 --- [Thread-12] com.netflix.discovery.DiscoveryClient    : Completed shut down of DiscoveryClient
2017-08-17 14:30:31.054  INFO 66776 --- [Thread-12] o.s.c.support.DefaultLifecycleProcessor  : Stopping beans in phase 0
2017-08-17 14:30:31.057  INFO 66776 --- [Thread-12] o.s.j.e.a.AnnotationMBeanExporter        : Unregistering JMX-exposed beans on shutdown
2017-08-17 14:30:31.057  INFO 66776 --- [Thread-12] o.s.j.e.a.AnnotationMBeanExporter        : Unregistering JMX-exposed beans
2017-08-17 14:30:31.058  INFO 66776 --- [Thread-12] c.n.eureka.DefaultEurekaServerContext    : Shutting down ...
2017-08-17 14:30:31.058  INFO 66776 --- [Thread-12] c.n.eureka.DefaultEurekaServerContext    : Shut down
